0 info it worked if it ends with ok
1 verbose cli [ '/home/csdevu/.nvm/versions/node/v4.4.5/bin/node',
1 verbose cli   '/home/csdevu/.nvm/versions/node/v4.4.5/bin/npm',
1 verbose cli   'install',
1 verbose cli   'bluerbird',
1 verbose cli   '--save' ]
2 info using npm@2.15.5
3 info using node@v4.4.5
4 verbose install initial load of /home/csdevu/stuffs/experiments/package.json
5 verbose installManyTop reading scoped package data from /home/csdevu/stuffs/experiments/node_modules/chalk/package.json
6 verbose installManyTop reading scoped package data from /home/csdevu/stuffs/experiments/node_modules/colors/package.json
7 verbose installManyTop reading scoped package data from /home/csdevu/stuffs/experiments/node_modules/jsdoc/package.json
8 verbose installManyTop reading scoped package data from /home/csdevu/stuffs/experiments/node_modules/moment/package.json
9 verbose installManyTop reading scoped package data from /home/csdevu/stuffs/experiments/node_modules/mongodb/package.json
10 verbose installManyTop reading scoped package data from /home/csdevu/stuffs/experiments/node_modules/mongoose/package.json
11 verbose installManyTop reading scoped package data from /home/csdevu/stuffs/experiments/node_modules/underscore/package.json
12 verbose readDependencies loading dependencies from /home/csdevu/stuffs/experiments/package.json
13 silly cache add args [ 'bluerbird', null ]
14 verbose cache add spec bluerbird
15 silly cache add parsed spec Result {
15 silly cache add   raw: 'bluerbird',
15 silly cache add   scope: null,
15 silly cache add   name: 'bluerbird',
15 silly cache add   rawSpec: '',
15 silly cache add   spec: 'latest',
15 silly cache add   type: 'tag' }
16 silly addNamed bluerbird@latest
17 verbose addNamed "latest" is being treated as a dist-tag for bluerbird
18 info addNameTag [ 'bluerbird', 'latest' ]
19 silly mapToRegistry name bluerbird
20 silly mapToRegistry using default registry
21 silly mapToRegistry registry https://registry.npmjs.org/
22 silly mapToRegistry data Result {
22 silly mapToRegistry   raw: 'bluerbird',
22 silly mapToRegistry   scope: null,
22 silly mapToRegistry   name: 'bluerbird',
22 silly mapToRegistry   rawSpec: '',
22 silly mapToRegistry   spec: 'latest',
22 silly mapToRegistry   type: 'tag' }
23 silly mapToRegistry uri https://registry.npmjs.org/bluerbird
24 verbose addNameTag registry:https://registry.npmjs.org/bluerbird not in flight; fetching
25 verbose request uri https://registry.npmjs.org/bluerbird
26 verbose request no auth needed
27 info attempt registry request try #1 at 4:11:24 PM
28 verbose request id 64b915ae0704ce07
29 http request GET https://registry.npmjs.org/bluerbird
30 http 404 https://registry.npmjs.org/bluerbird
31 verbose headers { 'content-type': 'application/json',
31 verbose headers   'cache-control': 'max-age=0',
31 verbose headers   'content-length': '2',
31 verbose headers   'accept-ranges': 'bytes',
31 verbose headers   date: 'Thu, 23 Mar 2017 10:41:26 GMT',
31 verbose headers   via: '1.1 varnish',
31 verbose headers   age: '0',
31 verbose headers   connection: 'keep-alive',
31 verbose headers   'x-served-by': 'cache-hhn1534-HHN',
31 verbose headers   'x-cache': 'MISS',
31 verbose headers   'x-cache-hits': '0',
31 verbose headers   'x-timer': 'S1490265685.946837,VS0,VE406',
31 verbose headers   vary: 'Accept-Encoding' }
32 silly get cb [ 404,
32 silly get   { 'content-type': 'application/json',
32 silly get     'cache-control': 'max-age=0',
32 silly get     'content-length': '2',
32 silly get     'accept-ranges': 'bytes',
32 silly get     date: 'Thu, 23 Mar 2017 10:41:26 GMT',
32 silly get     via: '1.1 varnish',
32 silly get     age: '0',
32 silly get     connection: 'keep-alive',
32 silly get     'x-served-by': 'cache-hhn1534-HHN',
32 silly get     'x-cache': 'MISS',
32 silly get     'x-cache-hits': '0',
32 silly get     'x-timer': 'S1490265685.946837,VS0,VE406',
32 silly get     vary: 'Accept-Encoding' } ]
33 verbose stack Error: Registry returned 404 for GET on https://registry.npmjs.org/bluerbird
33 verbose stack     at makeError (/home/csdevu/.nvm/versions/node/v4.4.5/lib/node_modules/npm/node_modules/npm-registry-client/lib/request.js:264:12)
33 verbose stack     at CachingRegistryClient.<anonymous> (/home/csdevu/.nvm/versions/node/v4.4.5/lib/node_modules/npm/node_modules/npm-registry-client/lib/request.js:242:14)
33 verbose stack     at Request._callback (/home/csdevu/.nvm/versions/node/v4.4.5/lib/node_modules/npm/node_modules/npm-registry-client/lib/request.js:172:14)
33 verbose stack     at Request.self.callback (/home/csdevu/.nvm/versions/node/v4.4.5/lib/node_modules/npm/node_modules/request/request.js:200:22)
33 verbose stack     at emitTwo (events.js:87:13)
33 verbose stack     at Request.emit (events.js:172:7)
33 verbose stack     at Request.<anonymous> (/home/csdevu/.nvm/versions/node/v4.4.5/lib/node_modules/npm/node_modules/request/request.js:1067:10)
33 verbose stack     at emitOne (events.js:82:20)
33 verbose stack     at Request.emit (events.js:169:7)
33 verbose stack     at IncomingMessage.<anonymous> (/home/csdevu/.nvm/versions/node/v4.4.5/lib/node_modules/npm/node_modules/request/request.js:988:12)
34 verbose statusCode 404
35 verbose pkgid bluerbird
36 verbose cwd /home/csdevu/stuffs/experiments
37 error Linux 4.4.0-66-generic
38 error argv "/home/csdevu/.nvm/versions/node/v4.4.5/bin/node" "/home/csdevu/.nvm/versions/node/v4.4.5/bin/npm" "install" "bluerbird" "--save"
39 error node v4.4.5
40 error npm  v2.15.5
41 error code E404
42 error 404 Registry returned 404 for GET on https://registry.npmjs.org/bluerbird
42 error 404
42 error 404 'bluerbird' is not in the npm registry.
42 error 404 You should bug the author to publish it (or use the name yourself!)
42 error 404
42 error 404 Note that you can also install from a
42 error 404 tarball, folder, http url, or git url.
43 verbose exit [ 1, true ]
